<?xml version="1.0" encoding="UTF-8"?>
<testsuite xmlns:xsi="http://www.w3.org/2001/XMLSchema-instance" xsi:noNamespaceSchemaLocation="https://maven.apache.org/surefire/maven-surefire-plugin/xsd/surefire-test-report-3.0.xsd" version="3.0" name="com.ordersys.order.CustomDishBuilderTest" time="0.089" tests="6" errors="0" skipped="0" failures="0">
  <properties>
[...]
</properties>
  <testcase name="extrasToJson_whenEmpty_returnsEmptyArray" classname="com.ordersys.order.CustomDishBuilderTest" time="0.074"/>
  <testcase name="build_withAllOptions_producesCorrectCustomDish" classname="com.ordersys.order.CustomDishBuilderTest" time="0.003"/>
  <testcase name="build_defaults_areLargeWithNoExtras" classname="com.ordersys.order.CustomDishBuilderTest" time="0.0"/>
  <testcase name="quantity_whenZero_throwsIllegalArgument" classname="com.ordersys.order.CustomDishBuilderTest" time="0.001"/>
  <testcase name="addExtra_whenNull_throwsIllegalArgument" classname="com.ordersys.order.CustomDishBuilderTest" time="0.0"/>
  <testcase name="extrasToJson_producesValidJsonArray" classname="com.ordersys.order.CustomDishBuilderTest" time="0.0"/>
</testsuite>